c:\users\dillon kyle\desktop\flatengine\intermediates\windows-x86_64\release\flatengine-editor\vc143.pdb
c:\users\dillon kyle\desktop\flatengine\intermediates\windows-x86_64\release\flatengine-editor\toolbar.obj
c:\users\dillon kyle\desktop\flatengine\intermediates\windows-x86_64\release\flatengine-editor\tileseteditor.obj
c:\users\dillon kyle\desktop\flatengine\intermediates\windows-x86_64\release\flatengine-editor\settings.obj
c:\users\dillon kyle\desktop\flatengine\intermediates\windows-x86_64\release\flatengine-editor\scripteditor.obj
c:\users\dillon kyle\desktop\flatengine\intermediates\windows-x86_64\release\flatengine-editor\sceneview.obj
c:\users\dillon kyle\desktop\flatengine\intermediates\windows-x86_64\release\flatengine-editor\projecthub.obj
c:\users\dillon kyle\desktop\flatengine\intermediates\windows-x86_64\release\flatengine-editor\profiler.obj
c:\users\dillon kyle\desktop\flatengine\intermediates\windows-x86_64\release\flatengine-editor\mappingcontexteditor.obj
c:\users\dillon kyle\desktop\flatengine\intermediates\windows-x86_64\release\flatengine-editor\mainmenu.obj
c:\users\dillon kyle\desktop\flatengine\intermediates\windows-x86_64\release\flatengine-editor\log.obj
c:\users\dillon kyle\desktop\flatengine\intermediates\windows-x86_64\release\flatengine-editor\inspector.obj
c:\users\dillon kyle\desktop\flatengine\intermediates\windows-x86_64\release\flatengine-editor\imguiwrapperseditor.obj
c:\users\dillon kyle\desktop\flatengine\intermediates\windows-x86_64\release\flatengine-editor\hierarchy.obj
c:\users\dillon kyle\desktop\flatengine\intermediates\windows-x86_64\release\flatengine-editor\flatgui.obj
c:\users\dillon kyle\desktop\flatengine\intermediates\windows-x86_64\release\flatengine-editor\flatengine-editor.obj
c:\users\dillon kyle\desktop\flatengine\intermediates\windows-x86_64\release\flatengine-editor\fileexplorer.obj
c:\users\dillon kyle\desktop\flatengine\intermediates\windows-x86_64\release\flatengine-editor\animator.obj
c:\users\dillon kyle\desktop\flatengine\windows-x86_64\release\flatengine-editor\flatengine-editor.exe
c:\users\dillon kyle\desktop\flatengine\windows-x86_64\release\flatengine-editor\flatengine-editor.pdb
c:\users\dillon kyle\desktop\flatengine\intermediates\windows-x86_64\release\flatengine-editor\flatengi.f64be7ad.tlog\cl.command.1.tlog
c:\users\dillon kyle\desktop\flatengine\intermediates\windows-x86_64\release\flatengine-editor\flatengi.f64be7ad.tlog\cl.items.tlog
c:\users\dillon kyle\desktop\flatengine\intermediates\windows-x86_64\release\flatengine-editor\flatengi.f64be7ad.tlog\cl.read.1.tlog
c:\users\dillon kyle\desktop\flatengine\intermediates\windows-x86_64\release\flatengine-editor\flatengi.f64be7ad.tlog\cl.write.1.tlog
c:\users\dillon kyle\desktop\flatengine\intermediates\windows-x86_64\release\flatengine-editor\flatengi.f64be7ad.tlog\link.command.1.tlog
c:\users\dillon kyle\desktop\flatengine\intermediates\windows-x86_64\release\flatengine-editor\flatengi.f64be7ad.tlog\link.read.1.tlog
c:\users\dillon kyle\desktop\flatengine\intermediates\windows-x86_64\release\flatengine-editor\flatengi.f64be7ad.tlog\link.secondary.1.tlog
c:\users\dillon kyle\desktop\flatengine\intermediates\windows-x86_64\release\flatengine-editor\flatengi.f64be7ad.tlog\link.write.1.tlog
